1.400928974151611328e+00
5.390098571777343750e+00
1.026631832122802734e+00
1.718361973762512207e+00
9.949014186859130859e-01
1.154886126518249512e+00
3.389428138732910156e+00
4.812872886657714844e+00
6.416800975799560547e+00
3.206549644470214844e+00
5.523656368255615234e+00
2.845334291458129883e+00
4.085299968719482422e+00
4.967360496520996094e+00
1.302005648612976074e+00
3.222016334533691406e+00
7.031053543090820312e+00
1.187078595161437988e+00
3.564089298248291016e+00
4.766858100891113281e+00
3.553114414215087891e+00
4.606449604034423828e+00
6.075428485870361328e+00
6.871685504913330078e+00
9.981885910034179688e+00
3.479538679122924805e+00
7.901295185089111328e+00
4.847946166992187500e+00
6.561059474945068359e+00
5.091967582702636719e+00
7.240118503570556641e+00
4.472278118133544922e+00
6.600280761718750000e+00
4.690160274505615234e+00
5.164181709289550781e+00
3.809463739395141602e+00
6.387110233306884766e+00
8.310670852661132812e+00
8.976861953735351562e+00
5.138091087341308594e+00
8.767347335815429688e+00
4.720863819122314453e+00
4.064859867095947266e+00
1.053773975372314453e+01
7.465556621551513672e+00
6.335964679718017578e+00
6.815988063812255859e+00
1.813982391357421875e+01
7.652493476867675781e+00
5.463595390319824219e+00
5.776336193084716797e+00
6.747986793518066406e+00
6.102819919586181641e+00
5.274703979492187500e+00
8.487578392028808594e+00
7.272040843963623047e+00
4.568032741546630859e+00
8.061881065368652344e+00
3.725843906402587891e+00
6.363385200500488281e+00
4.738101005554199219e+00
3.984687089920043945e+00
5.009787559509277344e+00
5.722952365875244141e+00
4.568132400512695312e+00
4.605721473693847656e+00
5.498532772064208984e+00
9.640448570251464844e+00
2.978294372558593750e+00
5.603285789489746094e+00
1.472193050384521484e+01
5.962838649749755859e+00
6.925973892211914062e+00
5.596875190734863281e+00
8.634961128234863281e+00
8.730516433715820312e+00
3.124531984329223633e+00
3.489256381988525391e+00
1.993241906166076660e+00
2.432167530059814453e+00
2.866719722747802734e+00
6.315978527069091797e+00
8.185015678405761719e+00
1.674786376953125000e+01
1.036139297485351562e+01
5.195745468139648438e+00
5.333300590515136719e+00
6.198322772979736328e+00
1.097134971618652344e+01
9.326376914978027344e+00
5.538476467132568359e+00
6.174674987792968750e+00
5.589283466339111328e+00
5.797102928161621094e+00
2.544033632148057222e-04
5.942555904388427734e+00
1.135054969787597656e+01
6.028831481933593750e+00
3.416470289230346680e+00
4.419322490692138672e+00
