1.328996419906616211e+00
1.550190210342407227e+00
1.202678561210632324e+00
1.236479163169860840e+00
1.441256880760192871e+00
9.347393512725830078e-01
6.668771505355834961e-01
1.383342862129211426e+00
1.041584134101867676e+00
8.563032150268554688e-01
1.479867935180664062e+00
7.759191989898681641e-01
6.039539575576782227e-01
7.429413795471191406e-01
1.040125370025634766e+00
7.570214271545410156e-01
9.022531509399414062e-01
1.098485231399536133e+00
4.662083089351654053e-01
3.668902516365051270e-01
3.723216950893402100e-01
3.649070262908935547e-01
5.034638047218322754e-01
5.572497844696044922e-01
7.120863199234008789e-01
3.949731290340423584e-01
7.878444194793701172e-01
3.871968984603881836e-01
2.364140748977661133e-01
9.944909065961837769e-02
8.503494262695312500e-01
1.366450339555740356e-01
2.271550148725509644e-01
2.626221776008605957e-01
1.526421755552291870e-01
1.674296408891677856e-01
1.340812444686889648e-01
2.746834456920623779e-01
4.086539149284362793e-01
5.700402334332466125e-02
1.435123085975646973e-01
5.696491897106170654e-02
4.889066219329833984e-01
1.177339032292366028e-01
2.795102298259735107e-01
6.561318784952163696e-02
7.147946208715438843e-02
1.184090018272399902e+00
2.768870890140533447e-01
1.649136096239089966e-01
9.579893201589584351e-02
1.137002110481262207e-01
3.358412161469459534e-02
2.272113859653472900e-01
1.041000932455062866e-01
1.521186530590057373e-01
1.096036136150360107e-01
2.924233675003051758e-02
1.620407104492187500e-01
7.900759577751159668e-02
7.945368438959121704e-02
1.514952778816223145e-01
1.401498317718505859e-01
9.100712835788726807e-02
1.301959007978439331e-01
7.634620368480682373e-02
5.101817846298217773e-02
1.756545454263687134e-01
3.264468610286712646e-01
6.732308864593505859e-02
2.382627129554748535e-01
2.105323374271392822e-01
3.868070542812347412e-01
2.243682742118835449e-02
3.700704500079154968e-02
9.455315768718719482e-02
1.560589194297790527e+00
2.155991196632385254e-01
6.627548933029174805e-01
3.026429116725921631e-01
2.907483279705047607e-01
1.096584647893905640e-01
2.942066639661788940e-02
8.309148550033569336e-01
8.141146600246429443e-02
7.816649973392486572e-02
7.529897987842559814e-02
1.801327317953109741e-01
1.511451788246631622e-02
1.593383848667144775e-01
5.792424082756042480e-02
1.096480432897806168e-02
3.104487620294094086e-02
1.304608862847089767e-02
2.038216590881347656e+00
7.094489037990570068e-02
3.263997733592987061e-01
3.330785930156707764e-01
1.628291904926300049e-01
9.776300936937332153e-02
