8.503609895706176758e-01
1.325278043746948242e+00
1.197050094604492188e+00
1.039872884750366211e+00
2.323520898818969727e+00
1.257091164588928223e+00
7.351795434951782227e-01
8.998847603797912598e-01
1.010462999343872070e+00
1.287873744964599609e+00
7.441362738609313965e-01
1.779955506324768066e+00
7.296075820922851562e-01
4.344978928565979004e-01
3.660674095153808594e-01
4.066732525825500488e-01
3.334815502166748047e-01
1.746983230113983154e-01
4.114297926425933838e-01
3.546901941299438477e-01
1.377117335796356201e-01
3.040300011634826660e-01
4.916926622390747070e-01
2.413976490497589111e-01
1.477710902690887451e-01
3.541151881217956543e-01
1.292358994483947754e+00
1.861510872840881348e-01
1.418733000755310059e-01
1.881628483533859253e-01
2.046074718236923218e-01
8.547176420688629150e-02
1.776730775833129883e+00
5.892130732536315918e-02
1.819226294755935669e-01
9.084419906139373779e-02
1.805691123008728027e-01
7.911606878042221069e-02
1.069893538951873779e-01
4.489092528820037842e-02
4.974765330553054810e-02
1.487226635217666626e-01
1.165019646286964417e-01
6.290451288223266602e-01
9.431719779968261719e-02
3.664728999137878418e-02
4.550702497363090515e-02
8.442980647087097168e-01
7.113412022590637207e-02
1.028751581907272339e-01
3.167792037129402161e-02
4.065934941172599792e-02
1.296861190348863602e-02
1.135727167129516602e-01
5.202129483222961426e-02
5.790755152702331543e-02
1.078905835747718811e-01
6.106309965252876282e-02
6.988611072301864624e-02
6.920632719993591309e-02
1.146453395485877991e-01
2.853397727012634277e-01
3.681918084621429443e-01
2.057319507002830505e-02
7.984662801027297974e-02
5.307389795780181885e-02
9.651800990104675293e-02
2.410422079265117645e-02
4.524210095405578613e-02
1.340183615684509277e-01
3.961888700723648071e-02
5.751679465174674988e-02
1.968997344374656677e-02
1.568292677402496338e-01
3.584648668766021729e-02
2.960445359349250793e-02
7.549461722373962402e-02
6.526356935501098633e-02
1.142266541719436646e-01
3.360867500305175781e-02
2.192819863557815552e-02
2.744493819773197174e-02
7.143198512494564056e-03
6.054255366325378418e-02
1.750705391168594360e-02
2.564982324838638306e-02
4.730156064033508301e-02
4.182334989309310913e-02
2.065440267324447632e-02
7.869403064250946045e-02
1.611546128988265991e-01
7.950737327337265015e-02
2.479865215718746185e-02
3.114234842360019684e-02
4.670981690287590027e-02
1.345005929470062256e-01
1.635171845555305481e-02
1.778253540396690369e-02
3.527453914284706116e-02
3.952854871749877930e-02
