3.540376424789428711e+00
1.152741789817810059e+00
1.351167798042297363e+00
2.603733539581298828e+00
3.680154681205749512e-01
5.853939533233642578e+00
1.689828753471374512e+00
3.517539501190185547e+00
1.286332845687866211e+00
6.044097423553466797e+00
1.556544542312622070e+00
2.810109555721282959e-01
4.241221427917480469e+00
3.666419982910156250e+00
3.559798002243041992e+00
4.227137088775634766e+00
3.761184215545654297e+00
4.058657646179199219e+00
6.871529579162597656e+00
6.797676086425781250e+00
5.184336185455322266e+00
6.161085128784179688e+00
5.612956881523132324e-01
2.743393421173095703e+00
4.751040935516357422e+00
2.457652330398559570e+00
2.592396736145019531e+00
5.124716281890869141e+00
6.890798568725585938e+00
3.773903369903564453e+00
4.270522117614746094e+00
5.310601711273193359e+00
1.403277111053466797e+01
5.747243404388427734e+00
3.388370752334594727e+00
5.105217456817626953e+00
8.324997901916503906e+00
5.425822734832763672e+00
8.970005035400390625e+00
6.498394966125488281e+00
5.829796314239501953e+00
4.805535793304443359e+00
9.491480827331542969e+00
1.473093795776367188e+01
8.233686447143554688e+00
8.132409095764160156e+00
7.200914859771728516e+00
1.360701084136962891e+01
6.500504016876220703e+00
6.976205348968505859e+00
6.585056781768798828e+00
6.344933986663818359e+00
9.890332221984863281e+00
6.522286415100097656e+00
7.345372200012207031e+00
9.372463226318359375e+00
3.739846706390380859e+00
8.585071563720703125e+00
6.716636180877685547e+00
8.521447181701660156e+00
8.082296371459960938e+00
5.863994121551513672e+00
5.002276897430419922e+00
7.798616886138916016e+00
6.507357597351074219e+00
8.713030815124511719e+00
7.046971797943115234e+00
7.913345813751220703e+00
7.970758914947509766e+00
8.600266456604003906e+00
7.270505905151367188e+00
1.002327919006347656e+01
7.945227146148681641e+00
6.458531856536865234e+00
8.019649505615234375e+00
8.441023826599121094e+00
9.351731300354003906e+00
9.501271247863769531e+00
8.261490821838378906e+00
9.128322601318359375e+00
8.196923255920410156e+00
1.023599052429199219e+01
1.036966991424560547e+01
8.075122833251953125e+00
1.150082015991210938e+01
9.873328208923339844e+00
1.024788379669189453e+01
1.055188560485839844e+01
9.576516151428222656e+00
9.157913208007812500e+00
1.766220664978027344e+01
5.353408813476562500e+00
9.735548973083496094e+00
8.074036598205566406e+00
9.954616546630859375e+00
8.505026817321777344e+00
1.191143226623535156e+01
8.762037277221679688e+00
1.132731151580810547e+01
1.048353290557861328e+01
