2.280800342559814453e+00
3.657560110092163086e+00
1.619089484214782715e+00
1.492262005805969238e+00
3.055116176605224609e+00
5.815831661224365234e+00
1.052295565605163574e+00
4.342947304248809814e-01
6.078927516937255859e+00
9.723979830741882324e-01
4.996909141540527344e+00
4.491640567779541016e+00
3.062910556793212891e+00
5.382057666778564453e+00
2.052115440368652344e+00
8.437864303588867188e+00
6.094217777252197266e+00
4.168305397033691406e+00
6.272342205047607422e+00
2.771039724349975586e+00
3.945797443389892578e+00
4.654342174530029297e+00
2.186196088790893555e+00
3.375521421432495117e+00
5.415953159332275391e+00
4.242028713226318359e+00
2.870305776596069336e+00
5.397971630096435547e+00
3.990208387374877930e+00
2.833337306976318359e+00
4.703954219818115234e+00
4.263298988342285156e+00
5.684992790222167969e+00
4.852972507476806641e+00
3.762054443359375000e+00
4.617386341094970703e+00
6.532691001892089844e+00
5.284993171691894531e+00
4.855477809906005859e+00
6.012221336364746094e+00
4.820833206176757812e+00
9.896514892578125000e+00
5.930892944335937500e+00
2.642383337020874023e+00
7.368543148040771484e+00
4.174491405487060547e+00
4.353639602661132812e+00
6.039221286773681641e+00
1.026482295989990234e+01
6.783263683319091797e+00
6.780766487121582031e+00
4.815401077270507812e+00
3.047592639923095703e+00
2.875901222229003906e+00
5.405341625213623047e+00
6.477509498596191406e+00
4.932324409484863281e+00
6.300565242767333984e+00
8.445248603820800781e+00
6.564771652221679688e+00
5.534090042114257812e+00
6.958344459533691406e+00
7.411747932434082031e+00
4.911580562591552734e+00
4.063288688659667969e+00
1.053697872161865234e+01
9.695698738098144531e+00
3.371707916259765625e+00
6.846655845642089844e+00
8.805878639221191406e+00
6.793729305267333984e+00
6.556267261505126953e+00
7.700592517852783203e+00
5.170180320739746094e+00
6.827654838562011719e+00
1.090675830841064453e+01
9.950773239135742188e+00
3.016892051696777344e+01
8.680928230285644531e+00
8.035307884216308594e+00
3.116532564163208008e+00
7.587736129760742188e+00
5.178661823272705078e+00
6.309018135070800781e+00
1.493315124511718750e+01
1.320872402191162109e+01
7.364046096801757812e+00
2.016893577575683594e+01
8.327721595764160156e+00
1.099555969238281250e+01
7.377367019653320312e+00
6.243537425994873047e+00
7.817646503448486328e+00
2.058592414855957031e+01
1.043646335601806641e+01
8.420606613159179688e+00
7.144278526306152344e+00
1.133241558074951172e+01
7.344397068023681641e+00
8.955747604370117188e+00
