6.983750462532043457e-01
1.143655776977539062e+00
1.046589136123657227e+00
9.413821697235107422e-01
1.356161117553710938e+00
1.420155048370361328e+00
1.080345630645751953e+00
2.137903213500976562e+00
1.233125090599060059e+00
1.456290245056152344e+00
1.396415948867797852e+00
1.389153718948364258e+00
5.129656791687011719e-01
1.121403217315673828e+00
8.114207386970520020e-01
9.835852384567260742e-01
1.018670678138732910e+00
3.227239251136779785e-01
7.484543919563293457e-01
5.098327398300170898e-01
2.780249714851379395e-01
3.566666543483734131e-01
4.324802160263061523e-01
3.610342741012573242e-01
3.162370324134826660e-01
2.277044057846069336e-01
6.438055634498596191e-01
2.669115066528320312e-01
3.332267403602600098e-01
3.009952902793884277e-01
1.149642318487167358e-01
1.478748917579650879e-01
2.403979599475860596e-01
1.758518368005752563e-01
2.472759783267974854e-01
4.865567386150360107e-02
1.030884981155395508e-01
9.147445857524871826e-02
5.521051287651062012e-01
7.405265420675277710e-02
1.255529224872589111e-01
2.696689665317535400e-01
4.419966787099838257e-02
6.749935746192932129e-01
9.594985097646713257e-02
2.924455404281616211e-01
9.335270524024963379e-02
2.946591377258300781e-01
2.053939551115036011e-01
3.934225812554359436e-02
1.085900813341140747e-01
8.782365918159484863e-02
2.016231566667556763e-01
3.645517826080322266e-01
9.053400903940200806e-02
8.468904346227645874e-02
1.157302185893058777e-01
3.972515463829040527e-02
1.942448168992996216e-01
4.617179930210113525e-02
9.308830648660659790e-02
4.817137867212295532e-02
2.006874047219753265e-02
2.513219416141510010e-01
9.654834121465682983e-02
3.701097071170806885e-01
1.407947205007076263e-02
2.517580091953277588e-01
6.882582791149616241e-03
5.015772953629493713e-02
3.681771084666252136e-02
9.025742113590240479e-02
6.995040923357009888e-02
9.741342067718505859e-02
8.718570321798324585e-02
2.553151920437812805e-02
8.521933853626251221e-02
2.330877780914306641e+00
3.180031105875968933e-02
1.226109936833381653e-01
3.929965257644653320e+00
6.809297949075698853e-02
1.638542860746383667e-01
3.733989223837852478e-02
3.594087064266204834e-02
2.673104219138622284e-02
1.389043405652046204e-02
3.163655698299407959e-01
5.275551229715347290e-03
6.939283013343811035e-02
6.292150914669036865e-02
4.670409485697746277e-02
3.709190338850021362e-02
1.529615670442581177e-01
7.150632143020629883e-02
4.972703382372856140e-02
9.193219244480133057e-02
2.179402485489845276e-02
2.721762284636497498e-02
1.192498952150344849e-01
